2023-12-21 19:27:58 [scrapy.utils.log] INFO: Scrapy 2.11.0 started (bot: self_study_scrapy)
2023-12-21 19:27:59 [scrapy.utils.log] INFO: Versions: lxml 4.9.3.0, libxml2 2.10.3, cssselect 1.2.0, parsel 1.8.1, w3lib 2.1.2, Twisted 22.10.0, Python 3.12.0 | packaged by Anaconda, Inc. | (main, Oct  2 2023, 17:20:38) [MSC v.1916 64 bit (AMD64)], pyOpenSSL 23.3.0 (OpenSSL 3.1.4 24 Oct 2023), cryptography 41.0.7, Platform Windows-11-10.0.22621-SP0
2023-12-21 19:53:12 [scrapy.utils.log] INFO: Scrapy 2.11.0 started (bot: self_study_scrapy)
2023-12-21 19:53:12 [scrapy.utils.log] INFO: Versions: lxml 4.9.3.0, libxml2 2.10.3, cssselect 1.2.0, parsel 1.8.1, w3lib 2.1.2, Twisted 22.10.0, Python 3.12.0 | packaged by Anaconda, Inc. | (main, Oct  2 2023, 17:20:38) [MSC v.1916 64 bit (AMD64)], pyOpenSSL 23.3.0 (OpenSSL 3.1.4 24 Oct 2023), cryptography 41.0.7, Platform Windows-11-10.0.22621-SP0
2023-12-21 19:53:12 [scrapy.addons] INFO: Enabled addons:
[]
2023-12-21 19:53:12 [scrapy.extensions.telnet] INFO: Telnet Password: e6849d0d39e2ba09
2023-12-21 19:53:12 [scrapy.middleware] INFO: Enabled extensions:
['scrapy.extensions.corestats.CoreStats',
 'scrapy.extensions.telnet.TelnetConsole',
 'scrapy.extensions.logstats.LogStats']
2023-12-21 19:53:12 [scrapy.crawler] INFO: Overridden settings:
{'BOT_NAME': 'self_study_scrapy',
 'FEED_EXPORT_ENCODING': 'utf-8',
 'LOG_FILE': 'spider.log',
 'LOG_LEVEL': 'INFO',
 'NEWSPIDER_MODULE': 'self_study_scrapy.spiders',
 'REQUEST_FINGERPRINTER_IMPLEMENTATION': '2.7',
 'ROBOTSTXT_OBEY': True,
 'SPIDER_MODULES': ['self_study_scrapy.spiders'],
 'TWISTED_REACTOR': 'twisted.internet.asyncioreactor.AsyncioSelectorReactor'}
2023-12-21 19:53:12 [scrapy.middleware] INFO: Enabled downloader middlewares:
['scrapy.downloadermiddlewares.robotstxt.RobotsTxtMiddleware',
 'scrapy.downloadermiddlewares.httpauth.HttpAuthMiddleware',
 'scrapy.downloadermiddlewares.downloadtimeout.DownloadTimeoutMiddleware',
 'scrapy.downloadermiddlewares.defaultheaders.DefaultHeadersMiddleware',
 'scrapy.downloadermiddlewares.useragent.UserAgentMiddleware',
 'scrapy.downloadermiddlewares.retry.RetryMiddleware',
 'scrapy.downloadermiddlewares.redirect.MetaRefreshMiddleware',
 'scrapy.downloadermiddlewares.httpcompression.HttpCompressionMiddleware',
 'scrapy.downloadermiddlewares.redirect.RedirectMiddleware',
 'scrapy.downloadermiddlewares.cookies.CookiesMiddleware',
 'scrapy.downloadermiddlewares.httpproxy.HttpProxyMiddleware',
 'scrapy.downloadermiddlewares.stats.DownloaderStats']
2023-12-21 19:53:12 [scrapy.middleware] INFO: Enabled spider middlewares:
['scrapy.spidermiddlewares.httperror.HttpErrorMiddleware',
 'scrapy.spidermiddlewares.offsite.OffsiteMiddleware',
 'scrapy.spidermiddlewares.referer.RefererMiddleware',
 'scrapy.spidermiddlewares.urllength.UrlLengthMiddleware',
 'scrapy.spidermiddlewares.depth.DepthMiddleware']
2023-12-21 19:53:12 [scrapy.middleware] INFO: Enabled item pipelines:
[]
2023-12-21 19:53:12 [twisted] CRITICAL: Unhandled error in Deferred:
2023-12-21 19:53:12 [twisted] CRITICAL: 
Traceback (most recent call last):
  File "C:\Users\User\.conda\envs\crawler_news\Lib\site-packages\twisted\internet\defer.py", line 1697, in _inlineCallbacks
    result = context.run(gen.send, result)
  File "C:\Users\User\.conda\envs\crawler_news\Lib\site-packages\scrapy\crawler.py", line 159, in crawl
    start_requests = iter(self.spider.start_requests())
  File "C:\Users\Desktop\hee\hee\self_study\self_study_scrapy\self_study_scrapy\spiders\news_spider.py", line 20, in start_requests
    url = self.url,
AttributeError: 'NewsSpider' object has no attribute 'url'
2023-12-21 19:53:45 [scrapy.utils.log] INFO: Scrapy 2.11.0 started (bot: self_study_scrapy)
2023-12-21 19:53:45 [scrapy.utils.log] INFO: Versions: lxml 4.9.3.0, libxml2 2.10.3, cssselect 1.2.0, parsel 1.8.1, w3lib 2.1.2, Twisted 22.10.0, Python 3.12.0 | packaged by Anaconda, Inc. | (main, Oct  2 2023, 17:20:38) [MSC v.1916 64 bit (AMD64)], pyOpenSSL 23.3.0 (OpenSSL 3.1.4 24 Oct 2023), cryptography 41.0.7, Platform Windows-11-10.0.22621-SP0
2023-12-21 19:53:45 [scrapy.addons] INFO: Enabled addons:
[]
2023-12-21 19:53:45 [scrapy.extensions.telnet] INFO: Telnet Password: b6d75c2283db25f5
2023-12-21 19:53:45 [scrapy.middleware] INFO: Enabled extensions:
['scrapy.extensions.corestats.CoreStats',
 'scrapy.extensions.telnet.TelnetConsole',
 'scrapy.extensions.logstats.LogStats']
2023-12-21 19:53:45 [scrapy.crawler] INFO: Overridden settings:
{'BOT_NAME': 'self_study_scrapy',
 'FEED_EXPORT_ENCODING': 'utf-8',
 'LOG_FILE': 'spider.log',
 'LOG_LEVEL': 'INFO',
 'NEWSPIDER_MODULE': 'self_study_scrapy.spiders',
 'REQUEST_FINGERPRINTER_IMPLEMENTATION': '2.7',
 'ROBOTSTXT_OBEY': True,
 'SPIDER_MODULES': ['self_study_scrapy.spiders'],
 'TWISTED_REACTOR': 'twisted.internet.asyncioreactor.AsyncioSelectorReactor'}
2023-12-21 19:53:45 [scrapy.middleware] INFO: Enabled downloader middlewares:
['scrapy.downloadermiddlewares.robotstxt.RobotsTxtMiddleware',
 'scrapy.downloadermiddlewares.httpauth.HttpAuthMiddleware',
 'scrapy.downloadermiddlewares.downloadtimeout.DownloadTimeoutMiddleware',
 'scrapy.downloadermiddlewares.defaultheaders.DefaultHeadersMiddleware',
 'scrapy.downloadermiddlewares.useragent.UserAgentMiddleware',
 'scrapy.downloadermiddlewares.retry.RetryMiddleware',
 'scrapy.downloadermiddlewares.redirect.MetaRefreshMiddleware',
 'scrapy.downloadermiddlewares.httpcompression.HttpCompressionMiddleware',
 'scrapy.downloadermiddlewares.redirect.RedirectMiddleware',
 'scrapy.downloadermiddlewares.cookies.CookiesMiddleware',
 'scrapy.downloadermiddlewares.httpproxy.HttpProxyMiddleware',
 'scrapy.downloadermiddlewares.stats.DownloaderStats']
2023-12-21 19:53:45 [scrapy.middleware] INFO: Enabled spider middlewares:
['scrapy.spidermiddlewares.httperror.HttpErrorMiddleware',
 'scrapy.spidermiddlewares.offsite.OffsiteMiddleware',
 'scrapy.spidermiddlewares.referer.RefererMiddleware',
 'scrapy.spidermiddlewares.urllength.UrlLengthMiddleware',
 'scrapy.spidermiddlewares.depth.DepthMiddleware']
2023-12-21 19:53:45 [scrapy.middleware] INFO: Enabled item pipelines:
[]
2023-12-21 19:53:45 [scrapy.core.engine] INFO: Spider opened
2023-12-21 19:53:45 [scrapy.extensions.logstats] INFO: Crawled 0 pages (at 0 pages/min), scraped 0 items (at 0 items/min)
2023-12-21 19:53:45 [scrapy.extensions.telnet] INFO: Telnet console listening on 127.0.0.1:6023
2023-12-21 19:53:45 [scrapy.core.scraper] ERROR: Spider error processing <GET http://www.gyotongn.com/> (referer: None)
Traceback (most recent call last):
  File "C:\Users\User\.conda\envs\crawler_news\Lib\site-packages\twisted\internet\defer.py", line 892, in _runCallbacks
    current.result = callback(  # type: ignore[misc]
                     ^^^^^^^^^^^^^^^^^^^^^^^^^^^^^^^
  File "C:\Users\Desktop\hee\hee\self_study\self_study_scrapy\self_study_scrapy\spiders\news_spider.py", line 28, in parse
    print(f"\n url: {self.url}")
                     ^^^^^^^^
AttributeError: 'NewsSpider' object has no attribute 'url'
2023-12-21 19:53:45 [scrapy.core.engine] INFO: Closing spider (finished)
2023-12-21 19:53:45 [scrapy.statscollectors] INFO: Dumping Scrapy stats:
{'downloader/request_bytes': 520,
 'downloader/request_count': 2,
 'downloader/request_method_count/GET': 2,
 'downloader/response_bytes': 22454,
 'downloader/response_count': 2,
 'downloader/response_status_count/200': 2,
 'elapsed_time_seconds': 0.340322,
 'finish_reason': 'finished',
 'finish_time': datetime.datetime(2023, 12, 21, 10, 53, 45, 887112, tzinfo=datetime.timezone.utc),
 'httpcompression/response_bytes': 110783,
 'httpcompression/response_count': 1,
 'log_count/ERROR': 1,
 'log_count/INFO': 10,
 'response_received_count': 2,
 'robotstxt/request_count': 1,
 'robotstxt/response_count': 1,
 'robotstxt/response_status_count/200': 1,
 'scheduler/dequeued': 1,
 'scheduler/dequeued/memory': 1,
 'scheduler/enqueued': 1,
 'scheduler/enqueued/memory': 1,
 'spider_exceptions/AttributeError': 1,
 'start_time': datetime.datetime(2023, 12, 21, 10, 53, 45, 546790, tzinfo=datetime.timezone.utc)}
2023-12-21 19:53:45 [scrapy.core.engine] INFO: Spider closed (finished)
2023-12-21 19:54:25 [scrapy.utils.log] INFO: Scrapy 2.11.0 started (bot: self_study_scrapy)
2023-12-21 19:54:25 [scrapy.utils.log] INFO: Versions: lxml 4.9.3.0, libxml2 2.10.3, cssselect 1.2.0, parsel 1.8.1, w3lib 2.1.2, Twisted 22.10.0, Python 3.12.0 | packaged by Anaconda, Inc. | (main, Oct  2 2023, 17:20:38) [MSC v.1916 64 bit (AMD64)], pyOpenSSL 23.3.0 (OpenSSL 3.1.4 24 Oct 2023), cryptography 41.0.7, Platform Windows-11-10.0.22621-SP0
2023-12-21 19:54:25 [scrapy.addons] INFO: Enabled addons:
[]
2023-12-21 19:54:25 [scrapy.extensions.telnet] INFO: Telnet Password: f5888815d337e302
2023-12-21 19:54:25 [scrapy.middleware] INFO: Enabled extensions:
['scrapy.extensions.corestats.CoreStats',
 'scrapy.extensions.telnet.TelnetConsole',
 'scrapy.extensions.logstats.LogStats']
2023-12-21 19:54:25 [scrapy.crawler] INFO: Overridden settings:
{'BOT_NAME': 'self_study_scrapy',
 'FEED_EXPORT_ENCODING': 'utf-8',
 'LOG_FILE': 'spider.log',
 'LOG_LEVEL': 'INFO',
 'NEWSPIDER_MODULE': 'self_study_scrapy.spiders',
 'REQUEST_FINGERPRINTER_IMPLEMENTATION': '2.7',
 'ROBOTSTXT_OBEY': True,
 'SPIDER_MODULES': ['self_study_scrapy.spiders'],
 'TWISTED_REACTOR': 'twisted.internet.asyncioreactor.AsyncioSelectorReactor'}
2023-12-21 19:54:25 [scrapy.middleware] INFO: Enabled downloader middlewares:
['scrapy.downloadermiddlewares.robotstxt.RobotsTxtMiddleware',
 'scrapy.downloadermiddlewares.httpauth.HttpAuthMiddleware',
 'scrapy.downloadermiddlewares.downloadtimeout.DownloadTimeoutMiddleware',
 'scrapy.downloadermiddlewares.defaultheaders.DefaultHeadersMiddleware',
 'scrapy.downloadermiddlewares.useragent.UserAgentMiddleware',
 'scrapy.downloadermiddlewares.retry.RetryMiddleware',
 'scrapy.downloadermiddlewares.redirect.MetaRefreshMiddleware',
 'scrapy.downloadermiddlewares.httpcompression.HttpCompressionMiddleware',
 'scrapy.downloadermiddlewares.redirect.RedirectMiddleware',
 'scrapy.downloadermiddlewares.cookies.CookiesMiddleware',
 'scrapy.downloadermiddlewares.httpproxy.HttpProxyMiddleware',
 'scrapy.downloadermiddlewares.stats.DownloaderStats']
2023-12-21 19:54:25 [scrapy.middleware] INFO: Enabled spider middlewares:
['scrapy.spidermiddlewares.httperror.HttpErrorMiddleware',
 'scrapy.spidermiddlewares.offsite.OffsiteMiddleware',
 'scrapy.spidermiddlewares.referer.RefererMiddleware',
 'scrapy.spidermiddlewares.urllength.UrlLengthMiddleware',
 'scrapy.spidermiddlewares.depth.DepthMiddleware']
2023-12-21 19:54:25 [scrapy.middleware] INFO: Enabled item pipelines:
[]
2023-12-21 19:54:25 [scrapy.core.engine] INFO: Spider opened
2023-12-21 19:54:25 [scrapy.extensions.logstats] INFO: Crawled 0 pages (at 0 pages/min), scraped 0 items (at 0 items/min)
2023-12-21 19:54:25 [scrapy.extensions.telnet] INFO: Telnet console listening on 127.0.0.1:6023
2023-12-21 19:54:25 [scrapy.core.engine] INFO: Closing spider (finished)
2023-12-21 19:54:25 [scrapy.statscollectors] INFO: Dumping Scrapy stats:
{'downloader/request_bytes': 520,
 'downloader/request_count': 2,
 'downloader/request_method_count/GET': 2,
 'downloader/response_bytes': 22454,
 'downloader/response_count': 2,
 'downloader/response_status_count/200': 2,
 'elapsed_time_seconds': 0.231251,
 'finish_reason': 'finished',
 'finish_time': datetime.datetime(2023, 12, 21, 10, 54, 25, 855415, tzinfo=datetime.timezone.utc),
 'httpcompression/response_bytes': 110783,
 'httpcompression/response_count': 1,
 'log_count/INFO': 10,
 'response_received_count': 2,
 'robotstxt/request_count': 1,
 'robotstxt/response_count': 1,
 'robotstxt/response_status_count/200': 1,
 'scheduler/dequeued': 1,
 'scheduler/dequeued/memory': 1,
 'scheduler/enqueued': 1,
 'scheduler/enqueued/memory': 1,
 'start_time': datetime.datetime(2023, 12, 21, 10, 54, 25, 624164, tzinfo=datetime.timezone.utc)}
2023-12-21 19:54:25 [scrapy.core.engine] INFO: Spider closed (finished)
2023-12-27 22:42:09 [scrapy.utils.log] INFO: Scrapy 2.11.0 started (bot: self_study_scrapy)
2023-12-27 22:42:09 [scrapy.utils.log] INFO: Versions: lxml 4.9.3.0, libxml2 2.10.3, cssselect 1.2.0, parsel 1.8.1, w3lib 2.1.2, Twisted 22.10.0, Python 3.12.0 | packaged by Anaconda, Inc. | (main, Oct  2 2023, 17:20:38) [MSC v.1916 64 bit (AMD64)], pyOpenSSL 23.3.0 (OpenSSL 3.1.4 24 Oct 2023), cryptography 41.0.7, Platform Windows-11-10.0.22621-SP0
2023-12-27 22:42:22 [scrapy.addons] INFO: Enabled addons:
[]
2023-12-27 22:42:22 [asyncio] DEBUG: Using selector: SelectSelector
2023-12-27 22:42:22 [scrapy.utils.log] DEBUG: Using reactor: twisted.internet.asyncioreactor.AsyncioSelectorReactor
2023-12-27 22:42:22 [scrapy.utils.log] DEBUG: Using asyncio event loop: asyncio.windows_events._WindowsSelectorEventLoop
2023-12-27 22:42:22 [scrapy.extensions.telnet] INFO: Telnet Password: 53396e013aa3d161
2023-12-27 22:42:22 [scrapy.middleware] INFO: Enabled extensions:
['scrapy.extensions.corestats.CoreStats',
 'scrapy.extensions.telnet.TelnetConsole',
 'scrapy.extensions.logstats.LogStats']
2023-12-27 22:42:22 [scrapy.crawler] INFO: Overridden settings:
{'BOT_NAME': 'self_study_scrapy',
 'FEED_EXPORT_ENCODING': 'utf-8',
 'LOG_FILE': 'spider.log',
 'NEWSPIDER_MODULE': 'self_study_scrapy.spiders',
 'REQUEST_FINGERPRINTER_IMPLEMENTATION': '2.7',
 'ROBOTSTXT_OBEY': True,
 'SPIDER_MODULES': ['self_study_scrapy.spiders'],
 'TWISTED_REACTOR': 'twisted.internet.asyncioreactor.AsyncioSelectorReactor'}
2023-12-27 22:42:22 [scrapy.middleware] INFO: Enabled downloader middlewares:
['scrapy.downloadermiddlewares.robotstxt.RobotsTxtMiddleware',
 'scrapy.downloadermiddlewares.httpauth.HttpAuthMiddleware',
 'scrapy.downloadermiddlewares.downloadtimeout.DownloadTimeoutMiddleware',
 'scrapy.downloadermiddlewares.defaultheaders.DefaultHeadersMiddleware',
 'scrapy.downloadermiddlewares.useragent.UserAgentMiddleware',
 'scrapy.downloadermiddlewares.retry.RetryMiddleware',
 'scrapy.downloadermiddlewares.redirect.MetaRefreshMiddleware',
 'scrapy.downloadermiddlewares.httpcompression.HttpCompressionMiddleware',
 'scrapy.downloadermiddlewares.redirect.RedirectMiddleware',
 'scrapy.downloadermiddlewares.cookies.CookiesMiddleware',
 'scrapy.downloadermiddlewares.httpproxy.HttpProxyMiddleware',
 'scrapy.downloadermiddlewares.stats.DownloaderStats']
2023-12-27 22:42:22 [scrapy.middleware] INFO: Enabled spider middlewares:
['scrapy.spidermiddlewares.httperror.HttpErrorMiddleware',
 'scrapy.spidermiddlewares.offsite.OffsiteMiddleware',
 'scrapy.spidermiddlewares.referer.RefererMiddleware',
 'scrapy.spidermiddlewares.urllength.UrlLengthMiddleware',
 'scrapy.spidermiddlewares.depth.DepthMiddleware']
2023-12-27 22:42:22 [twisted] CRITICAL: Unhandled error in Deferred:
2023-12-27 22:42:22 [twisted] CRITICAL: 
Traceback (most recent call last):
  File "C:\Users\User\.conda\envs\crawler_news\Lib\site-packages\twisted\internet\defer.py", line 1697, in _inlineCallbacks
    result = context.run(gen.send, result)
  File "C:\Users\User\.conda\envs\crawler_news\Lib\site-packages\scrapy\crawler.py", line 158, in crawl
    self.engine = self._create_engine()
  File "C:\Users\User\.conda\envs\crawler_news\Lib\site-packages\scrapy\crawler.py", line 172, in _create_engine
    return ExecutionEngine(self, lambda _: self.stop())
  File "C:\Users\User\.conda\envs\crawler_news\Lib\site-packages\scrapy\core\engine.py", line 100, in __init__
    self.scraper = Scraper(crawler)
  File "C:\Users\User\.conda\envs\crawler_news\Lib\site-packages\scrapy\core\scraper.py", line 109, in __init__
    self.itemproc: ItemPipelineManager = itemproc_cls.from_crawler(crawler)
  File "C:\Users\User\.conda\envs\crawler_news\Lib\site-packages\scrapy\middleware.py", line 90, in from_crawler
    return cls.from_settings(crawler.settings, crawler)
  File "C:\Users\User\.conda\envs\crawler_news\Lib\site-packages\scrapy\middleware.py", line 66, in from_settings
    mwcls = load_object(clspath)
  File "C:\Users\User\.conda\envs\crawler_news\Lib\site-packages\scrapy\utils\misc.py", line 79, in load_object
    mod = import_module(module)
  File "C:\Users\User\.conda\envs\crawler_news\Lib\importlib\__init__.py", line 90, in import_module
    return _bootstrap._gcd_import(name[level:], package, level)
  File "<frozen importlib._bootstrap>", line 1381, in _gcd_import
  File "<frozen importlib._bootstrap>", line 1354, in _find_and_load
  File "<frozen importlib._bootstrap>", line 1304, in _find_and_load_unlocked
  File "<frozen importlib._bootstrap>", line 488, in _call_with_frames_removed
  File "<frozen importlib._bootstrap>", line 1381, in _gcd_import
  File "<frozen importlib._bootstrap>", line 1354, in _find_and_load
  File "<frozen importlib._bootstrap>", line 1318, in _find_and_load_unlocked
ModuleNotFoundError: No module named 'crawler_news'
